# JRE version: OpenJDK Runtime Environment Temurin-17.0.7+7 (17.0.7+7) (build 17.0.7+7)
# Java VM: OpenJDK 64-Bit Server VM Temurin-17.0.7+7 (17.0.7+7, mixed mode, sharing, tiered, compressed oops, compressed class ptrs, g1 gc, windows-amd64)
GC Precious Log:
 CPUs: 4 total, 4 available
 Memory: 3948M
 Large Page Support: Disabled
 NUMA Support: Disabled
 Compressed Oops: Enabled (32-bit)
 Heap Region Size: 1M
 Heap Min Capacity: 8M
 Heap Initial Capacity: 62M
 Heap Max Capacity: 988M
 Pre-touch: Disabled
 Parallel Workers: 4
 Concurrent Workers: 1
 Concurrent Refinement Workers: 4
 Periodic GC: Disabled
Heap:
 garbage-first heap   total 104448K, used 53175K [0x00000000c2400000, 0x0000000100000000)
  region size 1024K, 1 young (1024K), 1 survivors (1024K)
 Metaspace       used 37903K, committed 38272K, reserved 1114112K
  class space    used 4339K, committed 4544K, reserved 1048576K
GC Heap History (20 events):
Event: 36.089 GC heap after
{Heap after GC invocations=27 (full 0):
 garbage-first heap   total 87040K, used 45992K [0x00000000c2400000, 0x0000000100000000)
  region size 1024K, 1 young (1024K), 1 survivors (1024K)
 Metaspace       used 36453K, committed 36800K, reserved 1114112K
  class space    used 4176K, committed 4352K, reserved 1048576K
}
Event: 36.431 GC heap before
{Heap before GC invocations=28 (full 0):
 garbage-first heap   total 87040K, used 48040K [0x00000000c2400000, 0x0000000100000000)
  region size 1024K, 4 young (4096K), 1 survivors (1024K)
 Metaspace       used 37267K, committed 37568K, reserved 1114112K
  class space    used 4304K, committed 4480K, reserved 1048576K
}
Event: 36.438 GC heap after
{Heap after GC invocations=29 (full 0):
 garbage-first heap   total 87040K, used 46402K [0x00000000c2400000, 0x0000000100000000)
  region size 1024K, 1 young (1024K), 1 survivors (1024K)
 Metaspace       used 37267K, committed 37568K, reserved 1114112K
  class space    used 4304K, committed 4480K, reserved 1048576K
}
Event: 41.206 GC heap before
{Heap before GC invocations=30 (full 0):
 garbage-first heap   total 87040K, used 61762K [0x00000000c2400000, 0x0000000100000000)
  region size 1024K, 17 young (17408K), 1 survivors (1024K)
 Metaspace       used 38127K, committed 38528K, reserved 1114112K
  class space    used 4376K, committed 4608K, reserved 1048576K
}
Event: 41.216 GC heap after
{Heap after GC invocations=31 (full 0):
 garbage-first heap   total 104448K, used 47286K [0x00000000c2400000, 0x0000000100000000)
  region size 1024K, 2 young (2048K), 2 survivors (2048K)
 Metaspace       used 38127K, committed 38528K, reserved 1114112K
  class space    used 4376K, committed 4608K, reserved 1048576K
}
Event: 41.474 GC heap before
{Heap before GC invocations=31 (full 0):
 garbage-first heap   total 104448K, used 49334K [0x00000000c2400000, 0x0000000100000000)
  region size 1024K, 4 young (4096K), 2 survivors (2048K)
 Metaspace       used 38131K, committed 38528K, reserved 1114112K
  class space    used 4376K, committed 4608K, reserved 1048576K
}
Event: 41.482 GC heap after
{Heap after GC invocations=32 (full 0):
 garbage-first heap   total 104448K, used 47362K [0x00000000c2400000, 0x0000000100000000)
  region size 1024K, 2 young (2048K), 2 survivors (2048K)
 Metaspace       used 38131K, committed 38528K, reserved 1114112K
  class space    used 4376K, committed 4608K, reserved 1048576K
}
Event: 42.189 GC heap before
{Heap before GC invocations=32 (full 0):
 garbage-first heap   total 104448K, used 57602K [0x00000000c2400000, 0x0000000100000000)
  region size 1024K, 11 young (11264K), 2 survivors (2048K)
 Metaspace       used 38138K, committed 38528K, reserved 1114112K
  class space    used 4376K, committed 4608K, reserved 1048576K
}
Event: 42.223 GC heap after
{Heap after GC invocations=33 (full 0):
 garbage-first heap   total 104448K, used 55747K [0x00000000c2400000, 0x0000000100000000)
  region size 1024K, 5 young (5120K), 5 survivors (5120K)
 Metaspace       used 38138K, committed 38528K, reserved 1114112K
  class space    used 4376K, committed 4608K, reserved 1048576K
}
Event: 44.391 GC heap before
{Heap before GC invocations=34 (full 0):
 garbage-first heap   total 104448K, used 73155K [0x00000000c2400000, 0x0000000100000000)
  region size 1024K, 22 young (22528K), 5 survivors (5120K)
 Metaspace       used 38203K, committed 38656K, reserved 1114112K
  class space    used 4377K, committed 4608K, reserved 1048576K
}
Event: 44.442 GC heap after
{Heap after GC invocations=35 (full 0):
 garbage-first heap   total 104448K, used 62265K [0x00000000c2400000, 0x0000000100000000)
  region size 1024K, 3 young (3072K), 3 survivors (3072K)
 Metaspace       used 38203K, committed 38656K, reserved 1114112K
  class space    used 4377K, committed 4608K, reserved 1048576K
}
Event: 44.578 GC heap before
{Heap before GC invocations=35 (full 0):
 garbage-first heap   total 104448K, used 64313K [0x00000000c2400000, 0x0000000100000000)
  region size 1024K, 5 young (5120K), 3 survivors (3072K)
 Metaspace       used 38204K, committed 38656K, reserved 1114112K
  class space    used 4377K, committed 4608K, reserved 1048576K
}
Event: 44.603 GC heap after
{Heap after GC invocations=36 (full 0):
 garbage-first heap   total 104448K, used 55784K [0x00000000c2400000, 0x0000000100000000)
  region size 1024K, 1 young (1024K), 1 survivors (1024K)
 Metaspace       used 38204K, committed 38656K, reserved 1114112K
  class space    used 4377K, committed 4608K, reserved 1048576K
}
Event: 46.802 GC heap before
{Heap before GC invocations=36 (full 0):
 garbage-first heap   total 104448K, used 74216K [0x00000000c2400000, 0x0000000100000000)
  region size 1024K, 18 young (18432K), 1 survivors (1024K)
 Metaspace       used 38219K, committed 38656K, reserved 1114112K
  class space    used 4377K, committed 4608K, reserved 1048576K
}
Event: 46.813 GC heap after
{Heap after GC invocations=37 (full 0):
 garbage-first heap   total 104448K, used 61952K [0x00000000c2400000, 0x0000000100000000)
  region size 1024K, 3 young (3072K), 3 survivors (3072K)
 Metaspace       used 38219K, committed 38656K, reserved 1114112K
  class space    used 4377K, committed 4608K, reserved 1048576K
}
Event: 49.695 GC heap before
{Heap before GC invocations=38 (full 0):
 garbage-first heap   total 104448K, used 72192K [0x00000000c2400000, 0x0000000100000000)
  region size 1024K, 17 young (17408K), 3 survivors (3072K)
 Metaspace       used 37009K, committed 37632K, reserved 1114112K
  class space    used 4244K, committed 4544K, reserved 1048576K
}
Event: 49.715 GC heap after
{Heap after GC invocations=39 (full 0):
 garbage-first heap   total 104448K, used 60112K [0x00000000c2400000, 0x0000000100000000)
  region size 1024K, 1 young (1024K), 1 survivors (1024K)
 Metaspace       used 37009K, committed 37632K, reserved 1114112K
  class space    used 4244K, committed 4544K, reserved 1048576K
}
Event: 50.505 GC heap before
{Heap before GC invocations=39 (full 0):
 garbage-first heap   total 104448K, used 63184K [0x00000000c2400000, 0x0000000100000000)
  region size 1024K, 5 young (5120K), 1 survivors (1024K)
 Metaspace       used 37224K, committed 37696K, reserved 1114112K
  class space    used 4268K, committed 4544K, reserved 1048576K
}
Event: 50.528 GC heap after
{Heap after GC invocations=40 (full 0):
 garbage-first heap   total 104448K, used 53549K [0x00000000c2400000, 0x0000000100000000)
  region size 1024K, 1 young (1024K), 1 survivors (1024K)
 Metaspace       used 37224K, committed 37696K, reserved 1114112K
  class space    used 4268K, committed 4544K, reserved 1048576K
}
Event: 53.194 GC heap before
{Heap before GC invocations=40 (full 0):
 garbage-first heap   total 104448K, used 73005K [0x00000000c2400000, 0x0000000100000000)
  region size 1024K, 21 young (21504K), 1 survivors (1024K)
 Metaspace       used 37903K, committed 38272K, reserved 1114112K
  class space    used 4339K, committed 4544K, reserved 1048576K
}

